{"C:\\Users\\DELL\\Videos\\Point-of-Sale-System-master\\pos-mern-conversion\\backend\\controllers\\authController.js": {"path":"C:\\Users\\DELL\\Videos\\Point-of-Sale-System-master\\pos-mern-conversion\\backend\\controllers\\authController.js","statementMap":{"0":{"start":{"line":1,"column":17},"end":{"line":1,"column":46}},"1":{"start":{"line":2,"column":12},"end":{"line":2,"column":35}},"2":{"start":{"line":4,"column":0},"end":{"line":44,"column":2}},"3":{"start":{"line":5,"column":2},"end":{"line":43,"column":3}},"4":{"start":{"line":6,"column":35},"end":{"line":6,"column":43}},"5":{"start":{"line":8,"column":4},"end":{"line":10,"column":5}},"6":{"start":{"line":9,"column":6},"end":{"line":9,"column":81}},"7":{"start":{"line":12,"column":21},"end":{"line":12,"column":57}},"8":{"start":{"line":13,"column":4},"end":{"line":15,"column":5}},"9":{"start":{"line":14,"column":6},"end":{"line":14,"column":70}},"10":{"start":{"line":17,"column":30},"end":{"line":17,"column":68}},"11":{"start":{"line":18,"column":4},"end":{"line":20,"column":5}},"12":{"start":{"line":19,"column":6},"end":{"line":19,"column":70}},"13":{"start":{"line":22,"column":4},"end":{"line":24,"column":5}},"14":{"start":{"line":23,"column":6},"end":{"line":23,"column":79}},"15":{"start":{"line":26,"column":18},"end":{"line":30,"column":5}},"16":{"start":{"line":32,"column":4},"end":{"line":40,"column":7}},"17":{"start":{"line":42,"column":4},"end":{"line":42,"column":53}},"18":{"start":{"line":46,"column":0},"end":{"line":57,"column":2}},"19":{"start":{"line":47,"column":2},"end":{"line":56,"column":3}},"20":{"start":{"line":48,"column":4},"end":{"line":53,"column":7}},"21":{"start":{"line":55,"column":4},"end":{"line":55,"column":53}}},"fnMap":{"0":{"name":"(anonymous_0)","decl":{"start":{"line":4,"column":16},"end":{"line":4,"column":17}},"loc":{"start":{"line":4,"column":36},"end":{"line":44,"column":1}},"line":4},"1":{"name":"(anonymous_1)","decl":{"start":{"line":46,"column":25},"end":{"line":46,"column":26}},"loc":{"start":{"line":46,"column":39},"end":{"line":57,"column":1}},"line":46}},"branchMap":{"0":{"loc":{"start":{"line":8,"column":4},"end":{"line":10,"column":5}},"type":"if","locations":[{"start":{"line":8,"column":4},"end":{"line":10,"column":5}},{"start":{},"end":{}}],"line":8},"1":{"loc":{"start":{"line":8,"column":8},"end":{"line":8,"column":30}},"type":"binary-expr","locations":[{"start":{"line":8,"column":8},"end":{"line":8,"column":17}},{"start":{"line":8,"column":21},"end":{"line":8,"column":30}}],"line":8},"2":{"loc":{"start":{"line":13,"column":4},"end":{"line":15,"column":5}},"type":"if","locations":[{"start":{"line":13,"column":4},"end":{"line":15,"column":5}},{"start":{},"end":{}}],"line":13},"3":{"loc":{"start":{"line":18,"column":4},"end":{"line":20,"column":5}},"type":"if","locations":[{"start":{"line":18,"column":4},"end":{"line":20,"column":5}},{"start":{},"end":{}}],"line":18},"4":{"loc":{"start":{"line":22,"column":4},"end":{"line":24,"column":5}},"type":"if","locations":[{"start":{"line":22,"column":4},"end":{"line":24,"column":5}},{"start":{},"end":{}}],"line":22},"5":{"loc":{"start":{"line":28,"column":6},"end":{"line":28,"column":49}},"type":"binary-expr","locations":[{"start":{"line":28,"column":6},"end":{"line":28,"column":28}},{"start":{"line":28,"column":32},"end":{"line":28,"column":49}}],"line":28}},"s":{"0":3,"1":3,"2":3,"3":6,"4":6,"5":6,"6":0,"7":6,"8":6,"9":0,"10":6,"11":6,"12":0,"13":6,"14":0,"15":6,"16":6,"17":0,"18":3,"19":0,"20":0,"21":0},"f":{"0":6,"1":0},"b":{"0":[0,6],"1":[6,6],"2":[0,6],"3":[0,6],"4":[0,6],"5":[6,0]},"_coverageSchema":"1a1c01bbd47fc00a2c39e90264f33305004495a9","hash":"7085b9a81ecc267f30e8c7060b5c1ecf9faecd87"}
,"C:\\Users\\DELL\\Videos\\Point-of-Sale-System-master\\pos-mern-conversion\\backend\\controllers\\couponController.js": {"path":"C:\\Users\\DELL\\Videos\\Point-of-Sale-System-master\\pos-mern-conversion\\backend\\controllers\\couponController.js","statementMap":{"0":{"start":{"line":1,"column":15},"end":{"line":1,"column":42}},"1":{"start":{"line":3,"column":0},"end":{"line":24,"column":2}},"2":{"start":{"line":4,"column":2},"end":{"line":23,"column":3}},"3":{"start":{"line":5,"column":79},"end":{"line":5,"column":87}},"4":{"start":{"line":7,"column":4},"end":{"line":9,"column":5}},"5":{"start":{"line":8,"column":6},"end":{"line":8,"column":98}},"6":{"start":{"line":11,"column":19},"end":{"line":17,"column":6}},"7":{"start":{"line":19,"column":4},"end":{"line":19,"column":24}},"8":{"start":{"line":20,"column":4},"end":{"line":20,"column":33}},"9":{"start":{"line":22,"column":4},"end":{"line":22,"column":53}},"10":{"start":{"line":26,"column":0},"end":{"line":43,"column":2}},"11":{"start":{"line":27,"column":2},"end":{"line":42,"column":3}},"12":{"start":{"line":28,"column":21},"end":{"line":28,"column":31}},"13":{"start":{"line":29,"column":19},"end":{"line":29,"column":75}},"14":{"start":{"line":31,"column":4},"end":{"line":33,"column":5}},"15":{"start":{"line":32,"column":6},"end":{"line":32,"column":67}},"16":{"start":{"line":35,"column":4},"end":{"line":37,"column":5}},"17":{"start":{"line":36,"column":6},"end":{"line":36,"column":87}},"18":{"start":{"line":39,"column":4},"end":{"line":39,"column":21}},"19":{"start":{"line":41,"column":4},"end":{"line":41,"column":53}},"20":{"start":{"line":45,"column":0},"end":{"line":52,"column":2}},"21":{"start":{"line":46,"column":2},"end":{"line":51,"column":3}},"22":{"start":{"line":47,"column":20},"end":{"line":47,"column":57}},"23":{"start":{"line":48,"column":4},"end":{"line":48,"column":22}},"24":{"start":{"line":50,"column":4},"end":{"line":50,"column":53}},"25":{"start":{"line":54,"column":0},"end":{"line":70,"column":2}},"26":{"start":{"line":55,"column":2},"end":{"line":69,"column":3}},"27":{"start":{"line":56,"column":19},"end":{"line":60,"column":5}},"28":{"start":{"line":62,"column":4},"end":{"line":64,"column":5}},"29":{"start":{"line":63,"column":6},"end":{"line":63,"column":67}},"30":{"start":{"line":66,"column":4},"end":{"line":66,"column":21}},"31":{"start":{"line":68,"column":4},"end":{"line":68,"column":53}},"32":{"start":{"line":72,"column":0},"end":{"line":88,"column":2}},"33":{"start":{"line":73,"column":2},"end":{"line":87,"column":3}},"34":{"start":{"line":74,"column":19},"end":{"line":78,"column":5}},"35":{"start":{"line":80,"column":4},"end":{"line":82,"column":5}},"36":{"start":{"line":81,"column":6},"end":{"line":81,"column":67}},"37":{"start":{"line":84,"column":4},"end":{"line":84,"column":61}},"38":{"start":{"line":86,"column":4},"end":{"line":86,"column":53}}},"fnMap":{"0":{"name":"(anonymous_0)","decl":{"start":{"line":3,"column":23},"end":{"line":3,"column":24}},"loc":{"start":{"line":3,"column":43},"end":{"line":24,"column":1}},"line":3},"1":{"name":"(anonymous_1)","decl":{"start":{"line":26,"column":26},"end":{"line":26,"column":27}},"loc":{"start":{"line":26,"column":46},"end":{"line":43,"column":1}},"line":26},"2":{"name":"(anonymous_2)","decl":{"start":{"line":45,"column":24},"end":{"line":45,"column":25}},"loc":{"start":{"line":45,"column":44},"end":{"line":52,"column":1}},"line":45},"3":{"name":"(anonymous_3)","decl":{"start":{"line":54,"column":23},"end":{"line":54,"column":24}},"loc":{"start":{"line":54,"column":43},"end":{"line":70,"column":1}},"line":54},"4":{"name":"(anonymous_4)","decl":{"start":{"line":72,"column":27},"end":{"line":72,"column":28}},"loc":{"start":{"line":72,"column":47},"end":{"line":88,"column":1}},"line":72}},"branchMap":{"0":{"loc":{"start":{"line":7,"column":4},"end":{"line":9,"column":5}},"type":"if","locations":[{"start":{"line":7,"column":4},"end":{"line":9,"column":5}},{"start":{},"end":{}}],"line":7},"1":{"loc":{"start":{"line":7,"column":8},"end":{"line":7,"column":54}},"type":"binary-expr","locations":[{"start":{"line":7,"column":8},"end":{"line":7,"column":19}},{"start":{"line":7,"column":23},"end":{"line":7,"column":39}},{"start":{"line":7,"column":43},"end":{"line":7,"column":54}}],"line":7},"2":{"loc":{"start":{"line":15,"column":15},"end":{"line":15,"column":30}},"type":"binary-expr","locations":[{"start":{"line":15,"column":15},"end":{"line":15,"column":22}},{"start":{"line":15,"column":26},"end":{"line":15,"column":30}}],"line":15},"3":{"loc":{"start":{"line":31,"column":4},"end":{"line":33,"column":5}},"type":"if","locations":[{"start":{"line":31,"column":4},"end":{"line":33,"column":5}},{"start":{},"end":{}}],"line":31},"4":{"loc":{"start":{"line":35,"column":4},"end":{"line":37,"column":5}},"type":"if","locations":[{"start":{"line":35,"column":4},"end":{"line":37,"column":5}},{"start":{},"end":{}}],"line":35},"5":{"loc":{"start":{"line":62,"column":4},"end":{"line":64,"column":5}},"type":"if","locations":[{"start":{"line":62,"column":4},"end":{"line":64,"column":5}},{"start":{},"end":{}}],"line":62},"6":{"loc":{"start":{"line":80,"column":4},"end":{"line":82,"column":5}},"type":"if","locations":[{"start":{"line":80,"column":4},"end":{"line":82,"column":5}},{"start":{},"end":{}}],"line":80}},"s":{"0":3,"1":3,"2":0,"3":0,"4":0,"5":0,"6":0,"7":0,"8":0,"9":0,"10":3,"11":0,"12":0,"13":0,"14":0,"15":0,"16":0,"17":0,"18":0,"19":0,"20":3,"21":0,"22":0,"23":0,"24":0,"25":3,"26":0,"27":0,"28":0,"29":0,"30":0,"31":0,"32":3,"33":0,"34":0,"35":0,"36":0,"37":0,"38":0},"f":{"0":0,"1":0,"2":0,"3":0,"4":0},"b":{"0":[0,0],"1":[0,0,0],"2":[0,0],"3":[0,0],"4":[0,0],"5":[0,0],"6":[0,0]},"_coverageSchema":"1a1c01bbd47fc00a2c39e90264f33305004495a9","hash":"6ea0c53a1f9ffa3d9a8e672e5524e8c37e8b4018"}
,"C:\\Users\\DELL\\Videos\\Point-of-Sale-System-master\\pos-mern-conversion\\backend\\controllers\\customerController.js": {"path":"C:\\Users\\DELL\\Videos\\Point-of-Sale-System-master\\pos-mern-conversion\\backend\\controllers\\customerController.js","statementMap":{"0":{"start":{"line":1,"column":17},"end":{"line":1,"column":46}},"1":{"start":{"line":2,"column":22},"end":{"line":2,"column":58}},"2":{"start":{"line":4,"column":0},"end":{"line":20,"column":2}},"3":{"start":{"line":5,"column":2},"end":{"line":19,"column":3}},"4":{"start":{"line":6,"column":28},"end":{"line":6,"column":37}},"5":{"start":{"line":7,"column":4},"end":{"line":9,"column":5}},"6":{"start":{"line":8,"column":6},"end":{"line":8,"column":72}},"7":{"start":{"line":11,"column":19},"end":{"line":11,"column":58}},"8":{"start":{"line":12,"column":4},"end":{"line":16,"column":5}},"9":{"start":{"line":13,"column":6},"end":{"line":13,"column":78}},"10":{"start":{"line":15,"column":6},"end":{"line":15,"column":25}},"11":{"start":{"line":18,"column":4},"end":{"line":18,"column":53}},"12":{"start":{"line":22,"column":0},"end":{"line":47,"column":2}},"13":{"start":{"line":23,"column":2},"end":{"line":46,"column":3}},"14":{"start":{"line":24,"column":56},"end":{"line":24,"column":64}},"15":{"start":{"line":26,"column":4},"end":{"line":28,"column":5}},"16":{"start":{"line":27,"column":6},"end":{"line":27,"column":92}},"17":{"start":{"line":30,"column":29},"end":{"line":30,"column":68}},"18":{"start":{"line":31,"column":4},"end":{"line":33,"column":5}},"19":{"start":{"line":32,"column":6},"end":{"line":32,"column":74}},"20":{"start":{"line":35,"column":21},"end":{"line":40,"column":6}},"21":{"start":{"line":42,"column":4},"end":{"line":42,"column":26}},"22":{"start":{"line":43,"column":4},"end":{"line":43,"column":35}},"23":{"start":{"line":45,"column":4},"end":{"line":45,"column":53}},"24":{"start":{"line":49,"column":0},"end":{"line":59,"column":2}},"25":{"start":{"line":50,"column":2},"end":{"line":58,"column":3}},"26":{"start":{"line":51,"column":21},"end":{"line":51,"column":59}},"27":{"start":{"line":52,"column":4},"end":{"line":54,"column":5}},"28":{"start":{"line":53,"column":6},"end":{"line":53,"column":69}},"29":{"start":{"line":55,"column":4},"end":{"line":55,"column":23}},"30":{"start":{"line":57,"column":4},"end":{"line":57,"column":53}},"31":{"start":{"line":61,"column":0},"end":{"line":68,"column":2}},"32":{"start":{"line":62,"column":2},"end":{"line":67,"column":3}},"33":{"start":{"line":63,"column":22},"end":{"line":63,"column":61}},"34":{"start":{"line":64,"column":4},"end":{"line":64,"column":24}},"35":{"start":{"line":66,"column":4},"end":{"line":66,"column":53}},"36":{"start":{"line":70,"column":0},"end":{"line":84,"column":2}},"37":{"start":{"line":71,"column":2},"end":{"line":83,"column":3}},"38":{"start":{"line":72,"column":21},"end":{"line":76,"column":5}},"39":{"start":{"line":77,"column":4},"end":{"line":79,"column":5}},"40":{"start":{"line":78,"column":6},"end":{"line":78,"column":69}},"41":{"start":{"line":80,"column":4},"end":{"line":80,"column":23}},"42":{"start":{"line":82,"column":4},"end":{"line":82,"column":53}},"43":{"start":{"line":86,"column":0},"end":{"line":94,"column":2}},"44":{"start":{"line":87,"column":2},"end":{"line":93,"column":3}},"45":{"start":{"line":88,"column":27},"end":{"line":88,"column":37}},"46":{"start":{"line":89,"column":20},"end":{"line":89,"column":73}},"47":{"start":{"line":90,"column":4},"end":{"line":90,"column":22}},"48":{"start":{"line":92,"column":4},"end":{"line":92,"column":53}}},"fnMap":{"0":{"name":"(anonymous_0)","decl":{"start":{"line":4,"column":28},"end":{"line":4,"column":29}},"loc":{"start":{"line":4,"column":48},"end":{"line":20,"column":1}},"line":4},"1":{"name":"(anonymous_1)","decl":{"start":{"line":22,"column":25},"end":{"line":22,"column":26}},"loc":{"start":{"line":22,"column":45},"end":{"line":47,"column":1}},"line":22},"2":{"name":"(anonymous_2)","decl":{"start":{"line":49,"column":26},"end":{"line":49,"column":27}},"loc":{"start":{"line":49,"column":46},"end":{"line":59,"column":1}},"line":49},"3":{"name":"(anonymous_3)","decl":{"start":{"line":61,"column":26},"end":{"line":61,"column":27}},"loc":{"start":{"line":61,"column":46},"end":{"line":68,"column":1}},"line":61},"4":{"name":"(anonymous_4)","decl":{"start":{"line":70,"column":25},"end":{"line":70,"column":26}},"loc":{"start":{"line":70,"column":45},"end":{"line":84,"column":1}},"line":70},"5":{"name":"(anonymous_5)","decl":{"start":{"line":86,"column":32},"end":{"line":86,"column":33}},"loc":{"start":{"line":86,"column":52},"end":{"line":94,"column":1}},"line":86}},"branchMap":{"0":{"loc":{"start":{"line":7,"column":4},"end":{"line":9,"column":5}},"type":"if","locations":[{"start":{"line":7,"column":4},"end":{"line":9,"column":5}},{"start":{},"end":{}}],"line":7},"1":{"loc":{"start":{"line":12,"column":4},"end":{"line":16,"column":5}},"type":"if","locations":[{"start":{"line":12,"column":4},"end":{"line":16,"column":5}},{"start":{"line":14,"column":11},"end":{"line":16,"column":5}}],"line":12},"2":{"loc":{"start":{"line":26,"column":4},"end":{"line":28,"column":5}},"type":"if","locations":[{"start":{"line":26,"column":4},"end":{"line":28,"column":5}},{"start":{},"end":{}}],"line":26},"3":{"loc":{"start":{"line":26,"column":8},"end":{"line":26,"column":47}},"type":"binary-expr","locations":[{"start":{"line":26,"column":8},"end":{"line":26,"column":20}},{"start":{"line":26,"column":24},"end":{"line":26,"column":34}},{"start":{"line":26,"column":38},"end":{"line":26,"column":47}}],"line":26},"4":{"loc":{"start":{"line":31,"column":4},"end":{"line":33,"column":5}},"type":"if","locations":[{"start":{"line":31,"column":4},"end":{"line":33,"column":5}},{"start":{},"end":{}}],"line":31},"5":{"loc":{"start":{"line":39,"column":13},"end":{"line":39,"column":24}},"type":"binary-expr","locations":[{"start":{"line":39,"column":13},"end":{"line":39,"column":18}},{"start":{"line":39,"column":22},"end":{"line":39,"column":24}}],"line":39},"6":{"loc":{"start":{"line":52,"column":4},"end":{"line":54,"column":5}},"type":"if","locations":[{"start":{"line":52,"column":4},"end":{"line":54,"column":5}},{"start":{},"end":{}}],"line":52},"7":{"loc":{"start":{"line":77,"column":4},"end":{"line":79,"column":5}},"type":"if","locations":[{"start":{"line":77,"column":4},"end":{"line":79,"column":5}},{"start":{},"end":{}}],"line":77}},"s":{"0":3,"1":3,"2":3,"3":0,"4":0,"5":0,"6":0,"7":0,"8":0,"9":0,"10":0,"11":0,"12":3,"13":0,"14":0,"15":0,"16":0,"17":0,"18":0,"19":0,"20":0,"21":0,"22":0,"23":0,"24":3,"25":0,"26":0,"27":0,"28":0,"29":0,"30":0,"31":3,"32":0,"33":0,"34":0,"35":0,"36":3,"37":0,"38":0,"39":0,"40":0,"41":0,"42":0,"43":3,"44":0,"45":0,"46":0,"47":0,"48":0},"f":{"0":0,"1":0,"2":0,"3":0,"4":0,"5":0},"b":{"0":[0,0],"1":[0,0],"2":[0,0],"3":[0,0,0],"4":[0,0],"5":[0,0],"6":[0,0],"7":[0,0]},"_coverageSchema":"1a1c01bbd47fc00a2c39e90264f33305004495a9","hash":"c6eb4c7e74f597409394ed3d4942b42e76140afb"}
,"C:\\Users\\DELL\\Videos\\Point-of-Sale-System-master\\pos-mern-conversion\\backend\\controllers\\employeeController.js": {"path":"C:\\Users\\DELL\\Videos\\Point-of-Sale-System-master\\pos-mern-conversion\\backend\\controllers\\employeeController.js","statementMap":{"0":{"start":{"line":1,"column":17},"end":{"line":1,"column":46}},"1":{"start":{"line":3,"column":0},"end":{"line":36,"column":2}},"2":{"start":{"line":4,"column":2},"end":{"line":35,"column":3}},"3":{"start":{"line":5,"column":61},"end":{"line":5,"column":69}},"4":{"start":{"line":7,"column":4},"end":{"line":9,"column":5}},"5":{"start":{"line":8,"column":6},"end":{"line":8,"column":70}},"6":{"start":{"line":11,"column":29},"end":{"line":11,"column":65}},"7":{"start":{"line":12,"column":4},"end":{"line":14,"column":5}},"8":{"start":{"line":13,"column":6},"end":{"line":13,"column":74}},"9":{"start":{"line":16,"column":21},"end":{"line":22,"column":6}},"10":{"start":{"line":24,"column":4},"end":{"line":24,"column":26}},"11":{"start":{"line":26,"column":4},"end":{"line":32,"column":7}},"12":{"start":{"line":34,"column":4},"end":{"line":34,"column":53}},"13":{"start":{"line":38,"column":0},"end":{"line":48,"column":2}},"14":{"start":{"line":39,"column":2},"end":{"line":47,"column":3}},"15":{"start":{"line":40,"column":21},"end":{"line":40,"column":79}},"16":{"start":{"line":41,"column":4},"end":{"line":43,"column":5}},"17":{"start":{"line":42,"column":6},"end":{"line":42,"column":69}},"18":{"start":{"line":44,"column":4},"end":{"line":44,"column":23}},"19":{"start":{"line":46,"column":4},"end":{"line":46,"column":53}},"20":{"start":{"line":50,"column":0},"end":{"line":57,"column":2}},"21":{"start":{"line":51,"column":2},"end":{"line":56,"column":3}},"22":{"start":{"line":52,"column":22},"end":{"line":52,"column":63}},"23":{"start":{"line":53,"column":4},"end":{"line":53,"column":24}},"24":{"start":{"line":55,"column":4},"end":{"line":55,"column":53}},"25":{"start":{"line":59,"column":0},"end":{"line":86,"column":2}},"26":{"start":{"line":60,"column":2},"end":{"line":85,"column":3}},"27":{"start":{"line":61,"column":51},"end":{"line":61,"column":59}},"28":{"start":{"line":62,"column":23},"end":{"line":62,"column":41}},"29":{"start":{"line":64,"column":4},"end":{"line":66,"column":5}},"30":{"start":{"line":65,"column":6},"end":{"line":65,"column":37}},"31":{"start":{"line":68,"column":4},"end":{"line":70,"column":5}},"32":{"start":{"line":69,"column":6},"end":{"line":69,"column":37}},"33":{"start":{"line":72,"column":21},"end":{"line":76,"column":25}},"34":{"start":{"line":78,"column":4},"end":{"line":80,"column":5}},"35":{"start":{"line":79,"column":6},"end":{"line":79,"column":69}},"36":{"start":{"line":82,"column":4},"end":{"line":82,"column":23}},"37":{"start":{"line":84,"column":4},"end":{"line":84,"column":53}},"38":{"start":{"line":88,"column":0},"end":{"line":104,"column":2}},"39":{"start":{"line":89,"column":2},"end":{"line":103,"column":3}},"40":{"start":{"line":90,"column":21},"end":{"line":94,"column":5}},"41":{"start":{"line":96,"column":4},"end":{"line":98,"column":5}},"42":{"start":{"line":97,"column":6},"end":{"line":97,"column":69}},"43":{"start":{"line":100,"column":4},"end":{"line":100,"column":63}},"44":{"start":{"line":102,"column":4},"end":{"line":102,"column":53}}},"fnMap":{"0":{"name":"(anonymous_0)","decl":{"start":{"line":3,"column":25},"end":{"line":3,"column":26}},"loc":{"start":{"line":3,"column":45},"end":{"line":36,"column":1}},"line":3},"1":{"name":"(anonymous_1)","decl":{"start":{"line":38,"column":26},"end":{"line":38,"column":27}},"loc":{"start":{"line":38,"column":46},"end":{"line":48,"column":1}},"line":38},"2":{"name":"(anonymous_2)","decl":{"start":{"line":50,"column":26},"end":{"line":50,"column":27}},"loc":{"start":{"line":50,"column":46},"end":{"line":57,"column":1}},"line":50},"3":{"name":"(anonymous_3)","decl":{"start":{"line":59,"column":25},"end":{"line":59,"column":26}},"loc":{"start":{"line":59,"column":45},"end":{"line":86,"column":1}},"line":59},"4":{"name":"(anonymous_4)","decl":{"start":{"line":88,"column":25},"end":{"line":88,"column":26}},"loc":{"start":{"line":88,"column":45},"end":{"line":104,"column":1}},"line":88}},"branchMap":{"0":{"loc":{"start":{"line":7,"column":4},"end":{"line":9,"column":5}},"type":"if","locations":[{"start":{"line":7,"column":4},"end":{"line":9,"column":5}},{"start":{},"end":{}}],"line":7},"1":{"loc":{"start":{"line":7,"column":8},"end":{"line":7,"column":52}},"type":"binary-expr","locations":[{"start":{"line":7,"column":8},"end":{"line":7,"column":17}},{"start":{"line":7,"column":21},"end":{"line":7,"column":26}},{"start":{"line":7,"column":30},"end":{"line":7,"column":39}},{"start":{"line":7,"column":43},"end":{"line":7,"column":52}}],"line":7},"2":{"loc":{"start":{"line":12,"column":4},"end":{"line":14,"column":5}},"type":"if","locations":[{"start":{"line":12,"column":4},"end":{"line":14,"column":5}},{"start":{},"end":{}}],"line":12},"3":{"loc":{"start":{"line":21,"column":16},"end":{"line":21,"column":56}},"type":"cond-expr","locations":[{"start":{"line":21,"column":41},"end":{"line":21,"column":49}},{"start":{"line":21,"column":52},"end":{"line":21,"column":56}}],"line":21},"4":{"loc":{"start":{"line":41,"column":4},"end":{"line":43,"column":5}},"type":"if","locations":[{"start":{"line":41,"column":4},"end":{"line":43,"column":5}},{"start":{},"end":{}}],"line":41},"5":{"loc":{"start":{"line":64,"column":4},"end":{"line":66,"column":5}},"type":"if","locations":[{"start":{"line":64,"column":4},"end":{"line":66,"column":5}},{"start":{},"end":{}}],"line":64},"6":{"loc":{"start":{"line":68,"column":4},"end":{"line":70,"column":5}},"type":"if","locations":[{"start":{"line":68,"column":4},"end":{"line":70,"column":5}},{"start":{},"end":{}}],"line":68},"7":{"loc":{"start":{"line":78,"column":4},"end":{"line":80,"column":5}},"type":"if","locations":[{"start":{"line":78,"column":4},"end":{"line":80,"column":5}},{"start":{},"end":{}}],"line":78},"8":{"loc":{"start":{"line":96,"column":4},"end":{"line":98,"column":5}},"type":"if","locations":[{"start":{"line":96,"column":4},"end":{"line":98,"column":5}},{"start":{},"end":{}}],"line":96}},"s":{"0":3,"1":3,"2":0,"3":0,"4":0,"5":0,"6":0,"7":0,"8":0,"9":0,"10":0,"11":0,"12":0,"13":3,"14":0,"15":0,"16":0,"17":0,"18":0,"19":0,"20":3,"21":0,"22":0,"23":0,"24":0,"25":3,"26":0,"27":0,"28":0,"29":0,"30":0,"31":0,"32":0,"33":0,"34":0,"35":0,"36":0,"37":0,"38":3,"39":0,"40":0,"41":0,"42":0,"43":0,"44":0},"f":{"0":0,"1":0,"2":0,"3":0,"4":0},"b":{"0":[0,0],"1":[0,0,0,0],"2":[0,0],"3":[0,0],"4":[0,0],"5":[0,0],"6":[0,0],"7":[0,0],"8":[0,0]},"_coverageSchema":"1a1c01bbd47fc00a2c39e90264f33305004495a9","hash":"68b78fa89c01347e1b6aac04808e8a64ea06b5e3"}
,"C:\\Users\\DELL\\Videos\\Point-of-Sale-System-master\\pos-mern-conversion\\backend\\controllers\\itemController.js": {"path":"C:\\Users\\DELL\\Videos\\Point-of-Sale-System-master\\pos-mern-conversion\\backend\\controllers\\itemController.js","statementMap":{"0":{"start":{"line":1,"column":25},"end":{"line":1,"column":64}},"1":{"start":{"line":3,"column":0},"end":{"line":10,"column":2}},"2":{"start":{"line":4,"column":2},"end":{"line":9,"column":3}},"3":{"start":{"line":5,"column":17},"end":{"line":5,"column":57}},"4":{"start":{"line":6,"column":4},"end":{"line":6,"column":31}},"5":{"start":{"line":8,"column":4},"end":{"line":8,"column":53}},"6":{"start":{"line":12,"column":0},"end":{"line":22,"column":2}},"7":{"start":{"line":13,"column":2},"end":{"line":21,"column":3}},"8":{"start":{"line":14,"column":17},"end":{"line":14,"column":66}},"9":{"start":{"line":15,"column":4},"end":{"line":17,"column":5}},"10":{"start":{"line":16,"column":6},"end":{"line":16,"column":65}},"11":{"start":{"line":18,"column":4},"end":{"line":18,"column":19}},"12":{"start":{"line":20,"column":4},"end":{"line":20,"column":53}},"13":{"start":{"line":24,"column":0},"end":{"line":31,"column":2}},"14":{"start":{"line":25,"column":2},"end":{"line":30,"column":3}},"15":{"start":{"line":26,"column":18},"end":{"line":26,"column":63}},"16":{"start":{"line":27,"column":4},"end":{"line":27,"column":20}},"17":{"start":{"line":29,"column":4},"end":{"line":29,"column":53}},"18":{"start":{"line":33,"column":0},"end":{"line":43,"column":2}},"19":{"start":{"line":34,"column":2},"end":{"line":42,"column":3}},"20":{"start":{"line":35,"column":17},"end":{"line":35,"column":75}},"21":{"start":{"line":36,"column":4},"end":{"line":38,"column":5}},"22":{"start":{"line":37,"column":6},"end":{"line":37,"column":65}},"23":{"start":{"line":39,"column":4},"end":{"line":39,"column":19}},"24":{"start":{"line":41,"column":4},"end":{"line":41,"column":53}},"25":{"start":{"line":45,"column":0},"end":{"line":55,"column":2}},"26":{"start":{"line":46,"column":2},"end":{"line":54,"column":3}},"27":{"start":{"line":47,"column":17},"end":{"line":47,"column":65}},"28":{"start":{"line":48,"column":4},"end":{"line":50,"column":5}},"29":{"start":{"line":49,"column":6},"end":{"line":49,"column":65}},"30":{"start":{"line":51,"column":4},"end":{"line":51,"column":55}},"31":{"start":{"line":53,"column":4},"end":{"line":53,"column":53}},"32":{"start":{"line":57,"column":0},"end":{"line":65,"column":2}},"33":{"start":{"line":58,"column":2},"end":{"line":64,"column":3}},"34":{"start":{"line":59,"column":22},"end":{"line":59,"column":47}},"35":{"start":{"line":60,"column":18},"end":{"line":60,"column":78}},"36":{"start":{"line":61,"column":4},"end":{"line":61,"column":20}},"37":{"start":{"line":63,"column":4},"end":{"line":63,"column":53}},"38":{"start":{"line":67,"column":0},"end":{"line":74,"column":2}},"39":{"start":{"line":68,"column":2},"end":{"line":73,"column":3}},"40":{"start":{"line":69,"column":18},"end":{"line":69,"column":60}},"41":{"start":{"line":70,"column":4},"end":{"line":70,"column":45}},"42":{"start":{"line":72,"column":4},"end":{"line":72,"column":53}}},"fnMap":{"0":{"name":"(anonymous_0)","decl":{"start":{"line":3,"column":21},"end":{"line":3,"column":22}},"loc":{"start":{"line":3,"column":41},"end":{"line":10,"column":1}},"line":3},"1":{"name":"(anonymous_1)","decl":{"start":{"line":12,"column":22},"end":{"line":12,"column":23}},"loc":{"start":{"line":12,"column":42},"end":{"line":22,"column":1}},"line":12},"2":{"name":"(anonymous_2)","decl":{"start":{"line":24,"column":22},"end":{"line":24,"column":23}},"loc":{"start":{"line":24,"column":42},"end":{"line":31,"column":1}},"line":24},"3":{"name":"(anonymous_3)","decl":{"start":{"line":33,"column":21},"end":{"line":33,"column":22}},"loc":{"start":{"line":33,"column":41},"end":{"line":43,"column":1}},"line":33},"4":{"name":"(anonymous_4)","decl":{"start":{"line":45,"column":21},"end":{"line":45,"column":22}},"loc":{"start":{"line":45,"column":41},"end":{"line":55,"column":1}},"line":45},"5":{"name":"(anonymous_5)","decl":{"start":{"line":57,"column":27},"end":{"line":57,"column":28}},"loc":{"start":{"line":57,"column":47},"end":{"line":65,"column":1}},"line":57},"6":{"name":"(anonymous_6)","decl":{"start":{"line":67,"column":28},"end":{"line":67,"column":29}},"loc":{"start":{"line":67,"column":48},"end":{"line":74,"column":1}},"line":67}},"branchMap":{"0":{"loc":{"start":{"line":15,"column":4},"end":{"line":17,"column":5}},"type":"if","locations":[{"start":{"line":15,"column":4},"end":{"line":17,"column":5}},{"start":{},"end":{}}],"line":15},"1":{"loc":{"start":{"line":36,"column":4},"end":{"line":38,"column":5}},"type":"if","locations":[{"start":{"line":36,"column":4},"end":{"line":38,"column":5}},{"start":{},"end":{}}],"line":36},"2":{"loc":{"start":{"line":48,"column":4},"end":{"line":50,"column":5}},"type":"if","locations":[{"start":{"line":48,"column":4},"end":{"line":50,"column":5}},{"start":{},"end":{}}],"line":48},"3":{"loc":{"start":{"line":59,"column":22},"end":{"line":59,"column":47}},"type":"binary-expr","locations":[{"start":{"line":59,"column":22},"end":{"line":59,"column":41}},{"start":{"line":59,"column":45},"end":{"line":59,"column":47}}],"line":59}},"s":{"0":3,"1":3,"2":1,"3":1,"4":1,"5":0,"6":3,"7":0,"8":0,"9":0,"10":0,"11":0,"12":0,"13":3,"14":0,"15":0,"16":0,"17":0,"18":3,"19":0,"20":0,"21":0,"22":0,"23":0,"24":0,"25":3,"26":0,"27":0,"28":0,"29":0,"30":0,"31":0,"32":3,"33":0,"34":0,"35":0,"36":0,"37":0,"38":3,"39":0,"40":0,"41":0,"42":0},"f":{"0":1,"1":0,"2":0,"3":0,"4":0,"5":0,"6":0},"b":{"0":[0,0],"1":[0,0],"2":[0,0],"3":[0,0]},"_coverageSchema":"1a1c01bbd47fc00a2c39e90264f33305004495a9","hash":"ea99f604234f23454c54d03e7e9182fc18943658"}
,"C:\\Users\\DELL\\Videos\\Point-of-Sale-System-master\\pos-mern-conversion\\backend\\controllers\\rentalController.js": {"path":"C:\\Users\\DELL\\Videos\\Point-of-Sale-System-master\\pos-mern-conversion\\backend\\controllers\\rentalController.js","statementMap":{"0":{"start":{"line":1,"column":22},"end":{"line":1,"column":58}},"1":{"start":{"line":3,"column":0},"end":{"line":10,"column":2}},"2":{"start":{"line":4,"column":2},"end":{"line":9,"column":3}},"3":{"start":{"line":5,"column":19},"end":{"line":5,"column":61}},"4":{"start":{"line":6,"column":4},"end":{"line":6,"column":33}},"5":{"start":{"line":8,"column":4},"end":{"line":8,"column":53}},"6":{"start":{"line":12,"column":0},"end":{"line":21,"column":2}},"7":{"start":{"line":13,"column":2},"end":{"line":20,"column":3}},"8":{"start":{"line":14,"column":25},"end":{"line":14,"column":35}},"9":{"start":{"line":15,"column":28},"end":{"line":15,"column":36}},"10":{"start":{"line":16,"column":19},"end":{"line":16,"column":74}},"11":{"start":{"line":17,"column":4},"end":{"line":17,"column":21}},"12":{"start":{"line":19,"column":4},"end":{"line":19,"column":53}},"13":{"start":{"line":23,"column":0},"end":{"line":33,"column":2}},"14":{"start":{"line":24,"column":2},"end":{"line":32,"column":3}},"15":{"start":{"line":25,"column":19},"end":{"line":25,"column":67}},"16":{"start":{"line":26,"column":4},"end":{"line":28,"column":5}},"17":{"start":{"line":27,"column":6},"end":{"line":27,"column":67}},"18":{"start":{"line":29,"column":4},"end":{"line":29,"column":21}},"19":{"start":{"line":31,"column":4},"end":{"line":31,"column":53}},"20":{"start":{"line":35,"column":0},"end":{"line":42,"column":2}},"21":{"start":{"line":36,"column":2},"end":{"line":41,"column":3}},"22":{"start":{"line":37,"column":20},"end":{"line":37,"column":64}},"23":{"start":{"line":38,"column":4},"end":{"line":38,"column":22}},"24":{"start":{"line":40,"column":4},"end":{"line":40,"column":53}},"25":{"start":{"line":44,"column":0},"end":{"line":52,"column":2}},"26":{"start":{"line":45,"column":2},"end":{"line":51,"column":3}},"27":{"start":{"line":46,"column":27},"end":{"line":46,"column":37}},"28":{"start":{"line":47,"column":20},"end":{"line":47,"column":73}},"29":{"start":{"line":48,"column":4},"end":{"line":48,"column":22}},"30":{"start":{"line":50,"column":4},"end":{"line":50,"column":53}},"31":{"start":{"line":54,"column":0},"end":{"line":61,"column":2}},"32":{"start":{"line":55,"column":2},"end":{"line":60,"column":3}},"33":{"start":{"line":56,"column":19},"end":{"line":56,"column":60}},"34":{"start":{"line":57,"column":4},"end":{"line":57,"column":21}},"35":{"start":{"line":59,"column":4},"end":{"line":59,"column":53}}},"fnMap":{"0":{"name":"(anonymous_0)","decl":{"start":{"line":3,"column":23},"end":{"line":3,"column":24}},"loc":{"start":{"line":3,"column":43},"end":{"line":10,"column":1}},"line":3},"1":{"name":"(anonymous_1)","decl":{"start":{"line":12,"column":23},"end":{"line":12,"column":24}},"loc":{"start":{"line":12,"column":43},"end":{"line":21,"column":1}},"line":12},"2":{"name":"(anonymous_2)","decl":{"start":{"line":23,"column":24},"end":{"line":23,"column":25}},"loc":{"start":{"line":23,"column":44},"end":{"line":33,"column":1}},"line":23},"3":{"name":"(anonymous_3)","decl":{"start":{"line":35,"column":24},"end":{"line":35,"column":25}},"loc":{"start":{"line":35,"column":44},"end":{"line":42,"column":1}},"line":35},"4":{"name":"(anonymous_4)","decl":{"start":{"line":44,"column":32},"end":{"line":44,"column":33}},"loc":{"start":{"line":44,"column":52},"end":{"line":52,"column":1}},"line":44},"5":{"name":"(anonymous_5)","decl":{"start":{"line":54,"column":30},"end":{"line":54,"column":31}},"loc":{"start":{"line":54,"column":50},"end":{"line":61,"column":1}},"line":54}},"branchMap":{"0":{"loc":{"start":{"line":26,"column":4},"end":{"line":28,"column":5}},"type":"if","locations":[{"start":{"line":26,"column":4},"end":{"line":28,"column":5}},{"start":{},"end":{}}],"line":26}},"s":{"0":3,"1":3,"2":1,"3":1,"4":1,"5":0,"6":3,"7":0,"8":0,"9":0,"10":0,"11":0,"12":0,"13":3,"14":0,"15":0,"16":0,"17":0,"18":0,"19":0,"20":3,"21":0,"22":0,"23":0,"24":0,"25":3,"26":0,"27":0,"28":0,"29":0,"30":0,"31":3,"32":0,"33":0,"34":0,"35":0},"f":{"0":1,"1":0,"2":0,"3":0,"4":0,"5":0},"b":{"0":[0,0]},"_coverageSchema":"1a1c01bbd47fc00a2c39e90264f33305004495a9","hash":"9ac351f35e4079182b83a9b096a16e991d835488"}
,"C:\\Users\\DELL\\Videos\\Point-of-Sale-System-master\\pos-mern-conversion\\backend\\controllers\\saleController.js": {"path":"C:\\Users\\DELL\\Videos\\Point-of-Sale-System-master\\pos-mern-conversion\\backend\\controllers\\saleController.js","statementMap":{"0":{"start":{"line":1,"column":20},"end":{"line":1,"column":54}},"1":{"start":{"line":3,"column":0},"end":{"line":10,"column":2}},"2":{"start":{"line":4,"column":2},"end":{"line":9,"column":3}},"3":{"start":{"line":5,"column":17},"end":{"line":5,"column":55}},"4":{"start":{"line":6,"column":4},"end":{"line":6,"column":31}},"5":{"start":{"line":8,"column":4},"end":{"line":8,"column":53}},"6":{"start":{"line":12,"column":0},"end":{"line":22,"column":2}},"7":{"start":{"line":13,"column":2},"end":{"line":21,"column":3}},"8":{"start":{"line":14,"column":17},"end":{"line":14,"column":61}},"9":{"start":{"line":15,"column":4},"end":{"line":17,"column":5}},"10":{"start":{"line":16,"column":6},"end":{"line":16,"column":65}},"11":{"start":{"line":18,"column":4},"end":{"line":18,"column":19}},"12":{"start":{"line":20,"column":4},"end":{"line":20,"column":53}},"13":{"start":{"line":24,"column":0},"end":{"line":31,"column":2}},"14":{"start":{"line":25,"column":2},"end":{"line":30,"column":3}},"15":{"start":{"line":26,"column":18},"end":{"line":26,"column":58}},"16":{"start":{"line":27,"column":4},"end":{"line":27,"column":20}},"17":{"start":{"line":29,"column":4},"end":{"line":29,"column":53}},"18":{"start":{"line":33,"column":0},"end":{"line":41,"column":2}},"19":{"start":{"line":34,"column":2},"end":{"line":40,"column":3}},"20":{"start":{"line":35,"column":49},"end":{"line":35,"column":57}},"21":{"start":{"line":36,"column":19},"end":{"line":36,"column":86}},"22":{"start":{"line":37,"column":4},"end":{"line":37,"column":21}},"23":{"start":{"line":39,"column":4},"end":{"line":39,"column":53}}},"fnMap":{"0":{"name":"(anonymous_0)","decl":{"start":{"line":3,"column":21},"end":{"line":3,"column":22}},"loc":{"start":{"line":3,"column":41},"end":{"line":10,"column":1}},"line":3},"1":{"name":"(anonymous_1)","decl":{"start":{"line":12,"column":22},"end":{"line":12,"column":23}},"loc":{"start":{"line":12,"column":42},"end":{"line":22,"column":1}},"line":12},"2":{"name":"(anonymous_2)","decl":{"start":{"line":24,"column":22},"end":{"line":24,"column":23}},"loc":{"start":{"line":24,"column":42},"end":{"line":31,"column":1}},"line":24},"3":{"name":"(anonymous_3)","decl":{"start":{"line":33,"column":26},"end":{"line":33,"column":27}},"loc":{"start":{"line":33,"column":46},"end":{"line":41,"column":1}},"line":33}},"branchMap":{"0":{"loc":{"start":{"line":15,"column":4},"end":{"line":17,"column":5}},"type":"if","locations":[{"start":{"line":15,"column":4},"end":{"line":17,"column":5}},{"start":{},"end":{}}],"line":15}},"s":{"0":3,"1":3,"2":1,"3":1,"4":1,"5":0,"6":3,"7":0,"8":0,"9":0,"10":0,"11":0,"12":0,"13":3,"14":0,"15":0,"16":0,"17":0,"18":3,"19":0,"20":0,"21":0,"22":0,"23":0},"f":{"0":1,"1":0,"2":0,"3":0},"b":{"0":[0,0]},"_coverageSchema":"1a1c01bbd47fc00a2c39e90264f33305004495a9","hash":"b934b959e6416b7d5fa9131536a20888c7b246d1"}
,"C:\\Users\\DELL\\Videos\\Point-of-Sale-System-master\\pos-mern-conversion\\backend\\middleware\\auth.js": {"path":"C:\\Users\\DELL\\Videos\\Point-of-Sale-System-master\\pos-mern-conversion\\backend\\middleware\\auth.js","statementMap":{"0":{"start":{"line":1,"column":12},"end":{"line":1,"column":35}},"1":{"start":{"line":2,"column":17},"end":{"line":2,"column":46}},"2":{"start":{"line":4,"column":13},"end":{"line":23,"column":1}},"3":{"start":{"line":5,"column":2},"end":{"line":22,"column":3}},"4":{"start":{"line":6,"column":18},"end":{"line":6,"column":69}},"5":{"start":{"line":7,"column":4},"end":{"line":9,"column":5}},"6":{"start":{"line":8,"column":6},"end":{"line":8,"column":81}},"7":{"start":{"line":11,"column":20},"end":{"line":11,"column":82}},"8":{"start":{"line":12,"column":21},"end":{"line":12,"column":56}},"9":{"start":{"line":14,"column":4},"end":{"line":16,"column":5}},"10":{"start":{"line":15,"column":6},"end":{"line":15,"column":69}},"11":{"start":{"line":18,"column":4},"end":{"line":18,"column":24}},"12":{"start":{"line":19,"column":4},"end":{"line":19,"column":11}},"13":{"start":{"line":21,"column":4},"end":{"line":21,"column":60}},"14":{"start":{"line":25,"column":18},"end":{"line":35,"column":1}},"15":{"start":{"line":26,"column":2},"end":{"line":34,"column":4}},"16":{"start":{"line":27,"column":4},"end":{"line":29,"column":5}},"17":{"start":{"line":28,"column":6},"end":{"line":28,"column":63}},"18":{"start":{"line":30,"column":4},"end":{"line":32,"column":5}},"19":{"start":{"line":31,"column":6},"end":{"line":31,"column":86}},"20":{"start":{"line":33,"column":4},"end":{"line":33,"column":11}},"21":{"start":{"line":37,"column":0},"end":{"line":37,"column":37}}},"fnMap":{"0":{"name":"(anonymous_0)","decl":{"start":{"line":4,"column":13},"end":{"line":4,"column":14}},"loc":{"start":{"line":4,"column":39},"end":{"line":23,"column":1}},"line":4},"1":{"name":"(anonymous_1)","decl":{"start":{"line":25,"column":18},"end":{"line":25,"column":19}},"loc":{"start":{"line":25,"column":32},"end":{"line":35,"column":1}},"line":25},"2":{"name":"(anonymous_2)","decl":{"start":{"line":26,"column":9},"end":{"line":26,"column":10}},"loc":{"start":{"line":26,"column":29},"end":{"line":34,"column":3}},"line":26}},"branchMap":{"0":{"loc":{"start":{"line":7,"column":4},"end":{"line":9,"column":5}},"type":"if","locations":[{"start":{"line":7,"column":4},"end":{"line":9,"column":5}},{"start":{},"end":{}}],"line":7},"1":{"loc":{"start":{"line":11,"column":38},"end":{"line":11,"column":81}},"type":"binary-expr","locations":[{"start":{"line":11,"column":38},"end":{"line":11,"column":60}},{"start":{"line":11,"column":64},"end":{"line":11,"column":81}}],"line":11},"2":{"loc":{"start":{"line":14,"column":4},"end":{"line":16,"column":5}},"type":"if","locations":[{"start":{"line":14,"column":4},"end":{"line":16,"column":5}},{"start":{},"end":{}}],"line":14},"3":{"loc":{"start":{"line":27,"column":4},"end":{"line":29,"column":5}},"type":"if","locations":[{"start":{"line":27,"column":4},"end":{"line":29,"column":5}},{"start":{},"end":{}}],"line":27},"4":{"loc":{"start":{"line":30,"column":4},"end":{"line":32,"column":5}},"type":"if","locations":[{"start":{"line":30,"column":4},"end":{"line":32,"column":5}},{"start":{},"end":{}}],"line":30}},"s":{"0":3,"1":3,"2":3,"3":54,"4":54,"5":54,"6":16,"7":38,"8":38,"9":38,"10":35,"11":3,"12":3,"13":0,"14":3,"15":39,"16":3,"17":0,"18":3,"19":0,"20":3,"21":3},"f":{"0":54,"1":39,"2":3},"b":{"0":[16,38],"1":[38,0],"2":[35,3],"3":[0,3],"4":[0,3]},"_coverageSchema":"1a1c01bbd47fc00a2c39e90264f33305004495a9","hash":"fe06d9cdd4179ad171525b917cd1dff3dd667812"}
,"C:\\Users\\DELL\\Videos\\Point-of-Sale-System-master\\pos-mern-conversion\\backend\\routes\\authRoutes.js": {"path":"C:\\Users\\DELL\\Videos\\Point-of-Sale-System-master\\pos-mern-conversion\\backend\\routes\\authRoutes.js","statementMap":{"0":{"start":{"line":1,"column":16},"end":{"line":1,"column":34}},"1":{"start":{"line":2,"column":34},"end":{"line":2,"column":74}},"2":{"start":{"line":3,"column":17},"end":{"line":3,"column":46}},"3":{"start":{"line":5,"column":15},"end":{"line":5,"column":31}},"4":{"start":{"line":7,"column":0},"end":{"line":7,"column":29}},"5":{"start":{"line":8,"column":0},"end":{"line":8,"column":40}},"6":{"start":{"line":10,"column":0},"end":{"line":10,"column":24}}},"fnMap":{},"branchMap":{},"s":{"0":3,"1":3,"2":3,"3":3,"4":3,"5":3,"6":3},"f":{},"b":{},"_coverageSchema":"1a1c01bbd47fc00a2c39e90264f33305004495a9","hash":"6d4b8163d94504e88500de674d0e4c2d6be83d7d"}
,"C:\\Users\\DELL\\Videos\\Point-of-Sale-System-master\\pos-mern-conversion\\backend\\routes\\couponRoutes.js": {"path":"C:\\Users\\DELL\\Videos\\Point-of-Sale-System-master\\pos-mern-conversion\\backend\\routes\\couponRoutes.js","statementMap":{"0":{"start":{"line":1,"column":16},"end":{"line":1,"column":34}},"1":{"start":{"line":8,"column":4},"end":{"line":8,"column":46}},"2":{"start":{"line":9,"column":28},"end":{"line":9,"column":57}},"3":{"start":{"line":11,"column":15},"end":{"line":11,"column":31}},"4":{"start":{"line":13,"column":0},"end":{"line":13,"column":68}},"5":{"start":{"line":14,"column":0},"end":{"line":14,"column":37}},"6":{"start":{"line":15,"column":0},"end":{"line":15,"column":44}},"7":{"start":{"line":16,"column":0},"end":{"line":16,"column":70}},"8":{"start":{"line":17,"column":0},"end":{"line":17,"column":66}},"9":{"start":{"line":19,"column":0},"end":{"line":19,"column":24}}},"fnMap":{},"branchMap":{},"s":{"0":3,"1":3,"2":3,"3":3,"4":3,"5":3,"6":3,"7":3,"8":3,"9":3},"f":{},"b":{},"_coverageSchema":"1a1c01bbd47fc00a2c39e90264f33305004495a9","hash":"6bfc13dff60f9f91429ee076000d83734e04e027"}
,"C:\\Users\\DELL\\Videos\\Point-of-Sale-System-master\\pos-mern-conversion\\backend\\routes\\customerRoutes.js": {"path":"C:\\Users\\DELL\\Videos\\Point-of-Sale-System-master\\pos-mern-conversion\\backend\\routes\\customerRoutes.js","statementMap":{"0":{"start":{"line":1,"column":16},"end":{"line":1,"column":34}},"1":{"start":{"line":9,"column":4},"end":{"line":9,"column":48}},"2":{"start":{"line":10,"column":17},"end":{"line":10,"column":46}},"3":{"start":{"line":12,"column":15},"end":{"line":12,"column":31}},"4":{"start":{"line":14,"column":0},"end":{"line":14,"column":39}},"5":{"start":{"line":15,"column":0},"end":{"line":15,"column":47}},"6":{"start":{"line":16,"column":0},"end":{"line":16,"column":39}},"7":{"start":{"line":17,"column":0},"end":{"line":17,"column":42}},"8":{"start":{"line":18,"column":0},"end":{"line":18,"column":41}},"9":{"start":{"line":19,"column":0},"end":{"line":19,"column":64}},"10":{"start":{"line":21,"column":0},"end":{"line":21,"column":24}}},"fnMap":{},"branchMap":{},"s":{"0":3,"1":3,"2":3,"3":3,"4":3,"5":3,"6":3,"7":3,"8":3,"9":3,"10":3},"f":{},"b":{},"_coverageSchema":"1a1c01bbd47fc00a2c39e90264f33305004495a9","hash":"b2b31c719f40ff41d91df1cfe4179218124350a1"}
,"C:\\Users\\DELL\\Videos\\Point-of-Sale-System-master\\pos-mern-conversion\\backend\\routes\\employeeRoutes.js": {"path":"C:\\Users\\DELL\\Videos\\Point-of-Sale-System-master\\pos-mern-conversion\\backend\\routes\\employeeRoutes.js","statementMap":{"0":{"start":{"line":1,"column":16},"end":{"line":1,"column":34}},"1":{"start":{"line":8,"column":4},"end":{"line":8,"column":48}},"2":{"start":{"line":9,"column":28},"end":{"line":9,"column":57}},"3":{"start":{"line":11,"column":15},"end":{"line":11,"column":31}},"4":{"start":{"line":13,"column":0},"end":{"line":13,"column":59}},"5":{"start":{"line":14,"column":0},"end":{"line":14,"column":39}},"6":{"start":{"line":15,"column":0},"end":{"line":15,"column":42}},"7":{"start":{"line":16,"column":0},"end":{"line":16,"column":61}},"8":{"start":{"line":17,"column":0},"end":{"line":17,"column":64}},"9":{"start":{"line":19,"column":0},"end":{"line":19,"column":24}}},"fnMap":{},"branchMap":{},"s":{"0":3,"1":3,"2":3,"3":3,"4":3,"5":3,"6":3,"7":3,"8":3,"9":3},"f":{},"b":{},"_coverageSchema":"1a1c01bbd47fc00a2c39e90264f33305004495a9","hash":"b9877a75408c1c9d9823dfa714d05f6ddb6388fc"}
,"C:\\Users\\DELL\\Videos\\Point-of-Sale-System-master\\pos-mern-conversion\\backend\\routes\\itemRoutes.js": {"path":"C:\\Users\\DELL\\Videos\\Point-of-Sale-System-master\\pos-mern-conversion\\backend\\routes\\itemRoutes.js","statementMap":{"0":{"start":{"line":1,"column":16},"end":{"line":1,"column":34}},"1":{"start":{"line":10,"column":4},"end":{"line":10,"column":44}},"2":{"start":{"line":11,"column":28},"end":{"line":11,"column":57}},"3":{"start":{"line":13,"column":15},"end":{"line":13,"column":31}},"4":{"start":{"line":15,"column":0},"end":{"line":15,"column":66}},"5":{"start":{"line":16,"column":0},"end":{"line":16,"column":35}},"6":{"start":{"line":17,"column":0},"end":{"line":17,"column":49}},"7":{"start":{"line":18,"column":0},"end":{"line":18,"column":87}},"8":{"start":{"line":19,"column":0},"end":{"line":19,"column":38}},"9":{"start":{"line":20,"column":0},"end":{"line":20,"column":68}},"10":{"start":{"line":21,"column":0},"end":{"line":21,"column":60}},"11":{"start":{"line":23,"column":0},"end":{"line":23,"column":24}}},"fnMap":{},"branchMap":{},"s":{"0":3,"1":3,"2":3,"3":3,"4":3,"5":3,"6":3,"7":3,"8":3,"9":3,"10":3,"11":3},"f":{},"b":{},"_coverageSchema":"1a1c01bbd47fc00a2c39e90264f33305004495a9","hash":"037d1bf9c2944c59593e7135bf5907646959bf33"}
,"C:\\Users\\DELL\\Videos\\Point-of-Sale-System-master\\pos-mern-conversion\\backend\\routes\\rentalRoutes.js": {"path":"C:\\Users\\DELL\\Videos\\Point-of-Sale-System-master\\pos-mern-conversion\\backend\\routes\\rentalRoutes.js","statementMap":{"0":{"start":{"line":1,"column":16},"end":{"line":1,"column":34}},"1":{"start":{"line":9,"column":4},"end":{"line":9,"column":46}},"2":{"start":{"line":10,"column":28},"end":{"line":10,"column":57}},"3":{"start":{"line":12,"column":15},"end":{"line":12,"column":31}},"4":{"start":{"line":14,"column":0},"end":{"line":14,"column":68}},"5":{"start":{"line":15,"column":0},"end":{"line":15,"column":84}},"6":{"start":{"line":16,"column":0},"end":{"line":16,"column":56}},"7":{"start":{"line":17,"column":0},"end":{"line":17,"column":37}},"8":{"start":{"line":18,"column":0},"end":{"line":18,"column":40}},"9":{"start":{"line":19,"column":0},"end":{"line":19,"column":65}},"10":{"start":{"line":21,"column":0},"end":{"line":21,"column":24}}},"fnMap":{},"branchMap":{},"s":{"0":3,"1":3,"2":3,"3":3,"4":3,"5":3,"6":3,"7":3,"8":3,"9":3,"10":3},"f":{},"b":{},"_coverageSchema":"1a1c01bbd47fc00a2c39e90264f33305004495a9","hash":"5b76b1fc6c274e4440635f4c3536e5b43c7163af"}
,"C:\\Users\\DELL\\Videos\\Point-of-Sale-System-master\\pos-mern-conversion\\backend\\routes\\saleRoutes.js": {"path":"C:\\Users\\DELL\\Videos\\Point-of-Sale-System-master\\pos-mern-conversion\\backend\\routes\\saleRoutes.js","statementMap":{"0":{"start":{"line":1,"column":16},"end":{"line":1,"column":34}},"1":{"start":{"line":7,"column":4},"end":{"line":7,"column":44}},"2":{"start":{"line":8,"column":28},"end":{"line":8,"column":57}},"3":{"start":{"line":10,"column":15},"end":{"line":10,"column":31}},"4":{"start":{"line":12,"column":0},"end":{"line":12,"column":66}},"5":{"start":{"line":13,"column":0},"end":{"line":13,"column":56}},"6":{"start":{"line":14,"column":0},"end":{"line":14,"column":35}},"7":{"start":{"line":15,"column":0},"end":{"line":15,"column":38}},"8":{"start":{"line":17,"column":0},"end":{"line":17,"column":24}}},"fnMap":{},"branchMap":{},"s":{"0":3,"1":3,"2":3,"3":3,"4":3,"5":3,"6":3,"7":3,"8":3},"f":{},"b":{},"_coverageSchema":"1a1c01bbd47fc00a2c39e90264f33305004495a9","hash":"2e2e45b686db7a15d7ea843f42df2195d3619df3"}
,"C:\\Users\\DELL\\Videos\\Point-of-Sale-System-master\\pos-mern-conversion\\backend\\services\\inventoryService.js": {"path":"C:\\Users\\DELL\\Videos\\Point-of-Sale-System-master\\pos-mern-conversion\\backend\\services\\inventoryService.js","statementMap":{"0":{"start":{"line":1,"column":13},"end":{"line":1,"column":38}},"1":{"start":{"line":5,"column":4},"end":{"line":19,"column":5}},"2":{"start":{"line":6,"column":19},"end":{"line":13,"column":8}},"3":{"start":{"line":15,"column":6},"end":{"line":15,"column":24}},"4":{"start":{"line":16,"column":6},"end":{"line":16,"column":18}},"5":{"start":{"line":18,"column":6},"end":{"line":18,"column":18}},"6":{"start":{"line":23,"column":4},"end":{"line":32,"column":5}},"7":{"start":{"line":24,"column":19},"end":{"line":28,"column":7}},"8":{"start":{"line":29,"column":6},"end":{"line":29,"column":18}},"9":{"start":{"line":31,"column":6},"end":{"line":31,"column":18}},"10":{"start":{"line":36,"column":4},"end":{"line":47,"column":5}},"11":{"start":{"line":37,"column":19},"end":{"line":41,"column":7}},"12":{"start":{"line":43,"column":6},"end":{"line":43,"column":51}},"13":{"start":{"line":43,"column":17},"end":{"line":43,"column":51}},"14":{"start":{"line":44,"column":6},"end":{"line":44,"column":18}},"15":{"start":{"line":46,"column":6},"end":{"line":46,"column":18}},"16":{"start":{"line":51,"column":4},"end":{"line":51,"column":46}},"17":{"start":{"line":55,"column":4},"end":{"line":55,"column":49}},"18":{"start":{"line":59,"column":18},"end":{"line":59,"column":36}},"19":{"start":{"line":61,"column":4},"end":{"line":61,"column":60}},"20":{"start":{"line":61,"column":26},"end":{"line":61,"column":60}},"21":{"start":{"line":62,"column":4},"end":{"line":67,"column":5}},"22":{"start":{"line":63,"column":6},"end":{"line":66,"column":8}},"23":{"start":{"line":69,"column":4},"end":{"line":69,"column":41}},"24":{"start":{"line":73,"column":4},"end":{"line":76,"column":14}},"25":{"start":{"line":80,"column":4},"end":{"line":89,"column":5}},"26":{"start":{"line":81,"column":19},"end":{"line":85,"column":7}},"27":{"start":{"line":86,"column":6},"end":{"line":86,"column":18}},"28":{"start":{"line":88,"column":6},"end":{"line":88,"column":18}},"29":{"start":{"line":93,"column":18},"end":{"line":93,"column":60}},"30":{"start":{"line":94,"column":4},"end":{"line":94,"column":87}},"31":{"start":{"line":94,"column":41},"end":{"line":94,"column":82}},"32":{"start":{"line":98,"column":0},"end":{"line":98,"column":40}}},"fnMap":{"0":{"name":"(anonymous_0)","decl":{"start":{"line":4,"column":2},"end":{"line":4,"column":3}},"loc":{"start":{"line":4,"column":26},"end":{"line":20,"column":3}},"line":4},"1":{"name":"(anonymous_1)","decl":{"start":{"line":22,"column":2},"end":{"line":22,"column":3}},"loc":{"start":{"line":22,"column":39},"end":{"line":33,"column":3}},"line":22},"2":{"name":"(anonymous_2)","decl":{"start":{"line":35,"column":2},"end":{"line":35,"column":3}},"loc":{"start":{"line":35,"column":44},"end":{"line":48,"column":3}},"line":35},"3":{"name":"(anonymous_3)","decl":{"start":{"line":50,"column":2},"end":{"line":50,"column":3}},"loc":{"start":{"line":50,"column":28},"end":{"line":52,"column":3}},"line":50},"4":{"name":"(anonymous_4)","decl":{"start":{"line":54,"column":2},"end":{"line":54,"column":3}},"loc":{"start":{"line":54,"column":32},"end":{"line":56,"column":3}},"line":54},"5":{"name":"(anonymous_5)","decl":{"start":{"line":58,"column":2},"end":{"line":58,"column":3}},"loc":{"start":{"line":58,"column":34},"end":{"line":70,"column":3}},"line":58},"6":{"name":"(anonymous_6)","decl":{"start":{"line":72,"column":2},"end":{"line":72,"column":3}},"loc":{"start":{"line":72,"column":41},"end":{"line":77,"column":3}},"line":72},"7":{"name":"(anonymous_7)","decl":{"start":{"line":79,"column":2},"end":{"line":79,"column":3}},"loc":{"start":{"line":79,"column":27},"end":{"line":90,"column":3}},"line":79},"8":{"name":"(anonymous_8)","decl":{"start":{"line":92,"column":2},"end":{"line":92,"column":3}},"loc":{"start":{"line":92,"column":28},"end":{"line":95,"column":3}},"line":92},"9":{"name":"(anonymous_9)","decl":{"start":{"line":94,"column":24},"end":{"line":94,"column":25}},"loc":{"start":{"line":94,"column":41},"end":{"line":94,"column":82}},"line":94}},"branchMap":{"0":{"loc":{"start":{"line":10,"column":23},"end":{"line":10,"column":50}},"type":"binary-expr","locations":[{"start":{"line":10,"column":23},"end":{"line":10,"column":45}},{"start":{"line":10,"column":49},"end":{"line":10,"column":50}}],"line":10},"1":{"loc":{"start":{"line":11,"column":21},"end":{"line":11,"column":47}},"type":"binary-expr","locations":[{"start":{"line":11,"column":21},"end":{"line":11,"column":41}},{"start":{"line":11,"column":45},"end":{"line":11,"column":47}}],"line":11},"2":{"loc":{"start":{"line":12,"column":18},"end":{"line":12,"column":48}},"type":"binary-expr","locations":[{"start":{"line":12,"column":18},"end":{"line":12,"column":35}},{"start":{"line":12,"column":39},"end":{"line":12,"column":48}}],"line":12},"3":{"loc":{"start":{"line":43,"column":6},"end":{"line":43,"column":51}},"type":"if","locations":[{"start":{"line":43,"column":6},"end":{"line":43,"column":51}},{"start":{},"end":{}}],"line":43},"4":{"loc":{"start":{"line":58,"column":20},"end":{"line":58,"column":32}},"type":"default-arg","locations":[{"start":{"line":58,"column":30},"end":{"line":58,"column":32}}],"line":58},"5":{"loc":{"start":{"line":61,"column":4},"end":{"line":61,"column":60}},"type":"if","locations":[{"start":{"line":61,"column":4},"end":{"line":61,"column":60}},{"start":{},"end":{}}],"line":61},"6":{"loc":{"start":{"line":62,"column":4},"end":{"line":67,"column":5}},"type":"if","locations":[{"start":{"line":62,"column":4},"end":{"line":67,"column":5}},{"start":{},"end":{}}],"line":62},"7":{"loc":{"start":{"line":72,"column":25},"end":{"line":72,"column":39}},"type":"default-arg","locations":[{"start":{"line":72,"column":37},"end":{"line":72,"column":39}}],"line":72}},"s":{"0":3,"1":1,"2":1,"3":1,"4":1,"5":0,"6":0,"7":0,"8":0,"9":0,"10":0,"11":0,"12":0,"13":0,"14":0,"15":0,"16":0,"17":0,"18":0,"19":0,"20":0,"21":0,"22":0,"23":0,"24":0,"25":0,"26":0,"27":0,"28":0,"29":0,"30":0,"31":0,"32":3},"f":{"0":1,"1":0,"2":0,"3":0,"4":0,"5":0,"6":0,"7":0,"8":0,"9":0},"b":{"0":[1,0],"1":[1,0],"2":[1,0],"3":[0,0],"4":[0],"5":[0,0],"6":[0,0],"7":[0]},"_coverageSchema":"1a1c01bbd47fc00a2c39e90264f33305004495a9","hash":"08d8929bbe298fbdb96267566903171505c9c041"}
,"C:\\Users\\DELL\\Videos\\Point-of-Sale-System-master\\pos-mern-conversion\\backend\\services\\rentalService.js": {"path":"C:\\Users\\DELL\\Videos\\Point-of-Sale-System-master\\pos-mern-conversion\\backend\\services\\rentalService.js","statementMap":{"0":{"start":{"line":1,"column":15},"end":{"line":1,"column":42}},"1":{"start":{"line":2,"column":13},"end":{"line":2,"column":38}},"2":{"start":{"line":3,"column":17},"end":{"line":3,"column":46}},"3":{"start":{"line":7,"column":4},"end":{"line":46,"column":5}},"4":{"start":{"line":8,"column":21},"end":{"line":16,"column":8}},"5":{"start":{"line":19,"column":6},"end":{"line":25,"column":7}},"6":{"start":{"line":20,"column":8},"end":{"line":24,"column":10}},"7":{"start":{"line":28,"column":6},"end":{"line":40,"column":8}},"8":{"start":{"line":42,"column":6},"end":{"line":42,"column":26}},"9":{"start":{"line":43,"column":6},"end":{"line":43,"column":20}},"10":{"start":{"line":45,"column":6},"end":{"line":45,"column":18}},"11":{"start":{"line":50,"column":4},"end":{"line":85,"column":5}},"12":{"start":{"line":51,"column":21},"end":{"line":51,"column":52}},"13":{"start":{"line":52,"column":6},"end":{"line":52,"column":55}},"14":{"start":{"line":52,"column":19},"end":{"line":52,"column":55}},"15":{"start":{"line":54,"column":28},"end":{"line":54,"column":55}},"16":{"start":{"line":57,"column":6},"end":{"line":63,"column":7}},"17":{"start":{"line":58,"column":8},"end":{"line":62,"column":10}},"18":{"start":{"line":66,"column":26},"end":{"line":66,"column":113}},"19":{"start":{"line":67,"column":22},"end":{"line":67,"column":37}},"20":{"start":{"line":69,"column":6},"end":{"line":69,"column":39}},"21":{"start":{"line":70,"column":6},"end":{"line":70,"column":33}},"22":{"start":{"line":71,"column":6},"end":{"line":71,"column":31}},"23":{"start":{"line":74,"column":6},"end":{"line":79,"column":8}},"24":{"start":{"line":81,"column":6},"end":{"line":81,"column":26}},"25":{"start":{"line":82,"column":6},"end":{"line":82,"column":20}},"26":{"start":{"line":84,"column":6},"end":{"line":84,"column":18}},"27":{"start":{"line":89,"column":4},"end":{"line":92,"column":14}},"28":{"start":{"line":96,"column":16},"end":{"line":96,"column":26}},"29":{"start":{"line":97,"column":27},"end":{"line":103,"column":5}},"30":{"start":{"line":104,"column":4},"end":{"line":104,"column":26}},"31":{"start":{"line":108,"column":4},"end":{"line":110,"column":44}},"32":{"start":{"line":114,"column":18},"end":{"line":114,"column":20}},"33":{"start":{"line":116,"column":4},"end":{"line":116,"column":64}},"34":{"start":{"line":116,"column":28},"end":{"line":116,"column":64}},"35":{"start":{"line":117,"column":4},"end":{"line":117,"column":54}},"36":{"start":{"line":117,"column":24},"end":{"line":117,"column":54}},"37":{"start":{"line":119,"column":4},"end":{"line":122,"column":14}},"38":{"start":{"line":126,"column":0},"end":{"line":126,"column":37}}},"fnMap":{"0":{"name":"(anonymous_0)","decl":{"start":{"line":6,"column":2},"end":{"line":6,"column":3}},"loc":{"start":{"line":6,"column":33},"end":{"line":47,"column":3}},"line":6},"1":{"name":"(anonymous_1)","decl":{"start":{"line":49,"column":2},"end":{"line":49,"column":3}},"loc":{"start":{"line":49,"column":51},"end":{"line":86,"column":3}},"line":49},"2":{"name":"(anonymous_2)","decl":{"start":{"line":88,"column":2},"end":{"line":88,"column":3}},"loc":{"start":{"line":88,"column":42},"end":{"line":93,"column":3}},"line":88},"3":{"name":"(anonymous_3)","decl":{"start":{"line":95,"column":2},"end":{"line":95,"column":3}},"loc":{"start":{"line":95,"column":30},"end":{"line":105,"column":3}},"line":95},"4":{"name":"(anonymous_4)","decl":{"start":{"line":107,"column":2},"end":{"line":107,"column":3}},"loc":{"start":{"line":107,"column":32},"end":{"line":111,"column":3}},"line":107},"5":{"name":"(anonymous_5)","decl":{"start":{"line":113,"column":2},"end":{"line":113,"column":3}},"loc":{"start":{"line":113,"column":36},"end":{"line":123,"column":3}},"line":113}},"branchMap":{"0":{"loc":{"start":{"line":14,"column":19},"end":{"line":14,"column":44}},"type":"binary-expr","locations":[{"start":{"line":14,"column":19},"end":{"line":14,"column":39}},{"start":{"line":14,"column":43},"end":{"line":14,"column":44}}],"line":14},"1":{"loc":{"start":{"line":15,"column":15},"end":{"line":15,"column":37}},"type":"binary-expr","locations":[{"start":{"line":15,"column":15},"end":{"line":15,"column":31}},{"start":{"line":15,"column":35},"end":{"line":15,"column":37}}],"line":15},"2":{"loc":{"start":{"line":49,"column":31},"end":{"line":49,"column":49}},"type":"default-arg","locations":[{"start":{"line":49,"column":45},"end":{"line":49,"column":49}}],"line":49},"3":{"loc":{"start":{"line":52,"column":6},"end":{"line":52,"column":55}},"type":"if","locations":[{"start":{"line":52,"column":6},"end":{"line":52,"column":55}},{"start":{},"end":{}}],"line":52},"4":{"loc":{"start":{"line":54,"column":28},"end":{"line":54,"column":55}},"type":"binary-expr","locations":[{"start":{"line":54,"column":28},"end":{"line":54,"column":39}},{"start":{"line":54,"column":43},"end":{"line":54,"column":55}}],"line":54},"5":{"loc":{"start":{"line":113,"column":22},"end":{"line":113,"column":34}},"type":"default-arg","locations":[{"start":{"line":113,"column":32},"end":{"line":113,"column":34}}],"line":113},"6":{"loc":{"start":{"line":116,"column":4},"end":{"line":116,"column":64}},"type":"if","locations":[{"start":{"line":116,"column":4},"end":{"line":116,"column":64}},{"start":{},"end":{}}],"line":116},"7":{"loc":{"start":{"line":117,"column":4},"end":{"line":117,"column":54}},"type":"if","locations":[{"start":{"line":117,"column":4},"end":{"line":117,"column":54}},{"start":{},"end":{}}],"line":117}},"s":{"0":3,"1":3,"2":3,"3":1,"4":1,"5":1,"6":1,"7":1,"8":1,"9":1,"10":0,"11":0,"12":0,"13":0,"14":0,"15":0,"16":0,"17":0,"18":0,"19":0,"20":0,"21":0,"22":0,"23":0,"24":0,"25":0,"26":0,"27":0,"28":0,"29":0,"30":0,"31":0,"32":0,"33":0,"34":0,"35":0,"36":0,"37":0,"38":3},"f":{"0":1,"1":0,"2":0,"3":0,"4":0,"5":0},"b":{"0":[1,0],"1":[1,0],"2":[0],"3":[0,0],"4":[0,0],"5":[0],"6":[0,0],"7":[0,0]},"_coverageSchema":"1a1c01bbd47fc00a2c39e90264f33305004495a9","hash":"7278b8424a57dc755431efaebffd999c0e90f39c"}
,"C:\\Users\\DELL\\Videos\\Point-of-Sale-System-master\\pos-mern-conversion\\backend\\services\\saleService.js": {"path":"C:\\Users\\DELL\\Videos\\Point-of-Sale-System-master\\pos-mern-conversion\\backend\\services\\saleService.js","statementMap":{"0":{"start":{"line":1,"column":13},"end":{"line":1,"column":38}},"1":{"start":{"line":2,"column":13},"end":{"line":2,"column":38}},"2":{"start":{"line":3,"column":15},"end":{"line":3,"column":42}},"3":{"start":{"line":4,"column":17},"end":{"line":4,"column":46}},"4":{"start":{"line":8,"column":4},"end":{"line":56,"column":5}},"5":{"start":{"line":10,"column":20},"end":{"line":13,"column":9}},"6":{"start":{"line":10,"column":48},"end":{"line":13,"column":7}},"7":{"start":{"line":16,"column":19},"end":{"line":25,"column":8}},"8":{"start":{"line":28,"column":6},"end":{"line":34,"column":7}},"9":{"start":{"line":29,"column":8},"end":{"line":33,"column":10}},"10":{"start":{"line":37,"column":6},"end":{"line":42,"column":7}},"11":{"start":{"line":38,"column":8},"end":{"line":41,"column":10}},"12":{"start":{"line":45,"column":6},"end":{"line":50,"column":7}},"13":{"start":{"line":46,"column":8},"end":{"line":49,"column":10}},"14":{"start":{"line":52,"column":6},"end":{"line":52,"column":24}},"15":{"start":{"line":53,"column":6},"end":{"line":53,"column":18}},"16":{"start":{"line":55,"column":6},"end":{"line":55,"column":18}},"17":{"start":{"line":60,"column":4},"end":{"line":63,"column":60}},"18":{"start":{"line":67,"column":18},"end":{"line":67,"column":20}},"19":{"start":{"line":69,"column":4},"end":{"line":69,"column":61}},"20":{"start":{"line":69,"column":27},"end":{"line":69,"column":61}},"21":{"start":{"line":70,"column":4},"end":{"line":70,"column":64}},"22":{"start":{"line":70,"column":28},"end":{"line":70,"column":64}},"23":{"start":{"line":71,"column":4},"end":{"line":75,"column":5}},"24":{"start":{"line":72,"column":6},"end":{"line":72,"column":26}},"25":{"start":{"line":73,"column":6},"end":{"line":73,"column":77}},"26":{"start":{"line":73,"column":28},"end":{"line":73,"column":77}},"27":{"start":{"line":74,"column":6},"end":{"line":74,"column":73}},"28":{"start":{"line":74,"column":26},"end":{"line":74,"column":73}},"29":{"start":{"line":77,"column":4},"end":{"line":81,"column":14}},"30":{"start":{"line":85,"column":19},"end":{"line":85,"column":85}},"31":{"start":{"line":85,"column":47},"end":{"line":85,"column":81}},"32":{"start":{"line":86,"column":19},"end":{"line":86,"column":53}},"33":{"start":{"line":88,"column":4},"end":{"line":97,"column":5}},"34":{"start":{"line":89,"column":21},"end":{"line":89,"column":52}},"35":{"start":{"line":90,"column":6},"end":{"line":96,"column":7}},"36":{"start":{"line":91,"column":8},"end":{"line":95,"column":9}},"37":{"start":{"line":92,"column":10},"end":{"line":92,"column":63}},"38":{"start":{"line":94,"column":10},"end":{"line":94,"column":43}},"39":{"start":{"line":99,"column":26},"end":{"line":99,"column":45}},"40":{"start":{"line":100,"column":16},"end":{"line":100,"column":36}},"41":{"start":{"line":101,"column":18},"end":{"line":101,"column":37}},"42":{"start":{"line":103,"column":4},"end":{"line":103,"column":46}},"43":{"start":{"line":107,"column":0},"end":{"line":107,"column":35}}},"fnMap":{"0":{"name":"(anonymous_0)","decl":{"start":{"line":7,"column":2},"end":{"line":7,"column":3}},"loc":{"start":{"line":7,"column":29},"end":{"line":57,"column":3}},"line":7},"1":{"name":"(anonymous_1)","decl":{"start":{"line":10,"column":39},"end":{"line":10,"column":40}},"loc":{"start":{"line":10,"column":48},"end":{"line":13,"column":7}},"line":10},"2":{"name":"(anonymous_2)","decl":{"start":{"line":59,"column":2},"end":{"line":59,"column":3}},"loc":{"start":{"line":59,"column":28},"end":{"line":64,"column":3}},"line":59},"3":{"name":"(anonymous_3)","decl":{"start":{"line":66,"column":2},"end":{"line":66,"column":3}},"loc":{"start":{"line":66,"column":34},"end":{"line":82,"column":3}},"line":66},"4":{"name":"(anonymous_4)","decl":{"start":{"line":84,"column":2},"end":{"line":84,"column":3}},"loc":{"start":{"line":84,"column":69},"end":{"line":104,"column":3}},"line":84},"5":{"name":"(anonymous_5)","decl":{"start":{"line":85,"column":32},"end":{"line":85,"column":33}},"loc":{"start":{"line":85,"column":47},"end":{"line":85,"column":81}},"line":85}},"branchMap":{"0":{"loc":{"start":{"line":20,"column":18},"end":{"line":20,"column":45}},"type":"binary-expr","locations":[{"start":{"line":20,"column":18},"end":{"line":20,"column":37}},{"start":{"line":20,"column":41},"end":{"line":20,"column":45}}],"line":20},"1":{"loc":{"start":{"line":22,"column":20},"end":{"line":22,"column":45}},"type":"binary-expr","locations":[{"start":{"line":22,"column":20},"end":{"line":22,"column":37}},{"start":{"line":22,"column":41},"end":{"line":22,"column":45}}],"line":22},"2":{"loc":{"start":{"line":23,"column":25},"end":{"line":23,"column":54}},"type":"binary-expr","locations":[{"start":{"line":23,"column":25},"end":{"line":23,"column":49}},{"start":{"line":23,"column":53},"end":{"line":23,"column":54}}],"line":23},"3":{"loc":{"start":{"line":24,"column":15},"end":{"line":24,"column":35}},"type":"binary-expr","locations":[{"start":{"line":24,"column":15},"end":{"line":24,"column":29}},{"start":{"line":24,"column":33},"end":{"line":24,"column":35}}],"line":24},"4":{"loc":{"start":{"line":37,"column":6},"end":{"line":42,"column":7}},"type":"if","locations":[{"start":{"line":37,"column":6},"end":{"line":42,"column":7}},{"start":{},"end":{}}],"line":37},"5":{"loc":{"start":{"line":45,"column":6},"end":{"line":50,"column":7}},"type":"if","locations":[{"start":{"line":45,"column":6},"end":{"line":50,"column":7}},{"start":{},"end":{}}],"line":45},"6":{"loc":{"start":{"line":66,"column":20},"end":{"line":66,"column":32}},"type":"default-arg","locations":[{"start":{"line":66,"column":30},"end":{"line":66,"column":32}}],"line":66},"7":{"loc":{"start":{"line":69,"column":4},"end":{"line":69,"column":61}},"type":"if","locations":[{"start":{"line":69,"column":4},"end":{"line":69,"column":61}},{"start":{},"end":{}}],"line":69},"8":{"loc":{"start":{"line":70,"column":4},"end":{"line":70,"column":64}},"type":"if","locations":[{"start":{"line":70,"column":4},"end":{"line":70,"column":64}},{"start":{},"end":{}}],"line":70},"9":{"loc":{"start":{"line":71,"column":4},"end":{"line":75,"column":5}},"type":"if","locations":[{"start":{"line":71,"column":4},"end":{"line":75,"column":5}},{"start":{},"end":{}}],"line":71},"10":{"loc":{"start":{"line":71,"column":8},"end":{"line":71,"column":42}},"type":"binary-expr","locations":[{"start":{"line":71,"column":8},"end":{"line":71,"column":24}},{"start":{"line":71,"column":28},"end":{"line":71,"column":42}}],"line":71},"11":{"loc":{"start":{"line":73,"column":6},"end":{"line":73,"column":77}},"type":"if","locations":[{"start":{"line":73,"column":6},"end":{"line":73,"column":77}},{"start":{},"end":{}}],"line":73},"12":{"loc":{"start":{"line":74,"column":6},"end":{"line":74,"column":73}},"type":"if","locations":[{"start":{"line":74,"column":6},"end":{"line":74,"column":73}},{"start":{},"end":{}}],"line":74},"13":{"loc":{"start":{"line":84,"column":31},"end":{"line":84,"column":50}},"type":"default-arg","locations":[{"start":{"line":84,"column":49},"end":{"line":84,"column":50}}],"line":84},"14":{"loc":{"start":{"line":84,"column":52},"end":{"line":84,"column":67}},"type":"default-arg","locations":[{"start":{"line":84,"column":63},"end":{"line":84,"column":67}}],"line":84},"15":{"loc":{"start":{"line":88,"column":4},"end":{"line":97,"column":5}},"type":"if","locations":[{"start":{"line":88,"column":4},"end":{"line":97,"column":5}},{"start":{},"end":{}}],"line":88},"16":{"loc":{"start":{"line":90,"column":6},"end":{"line":96,"column":7}},"type":"if","locations":[{"start":{"line":90,"column":6},"end":{"line":96,"column":7}},{"start":{},"end":{}}],"line":90},"17":{"loc":{"start":{"line":90,"column":10},"end":{"line":90,"column":36}},"type":"binary-expr","locations":[{"start":{"line":90,"column":10},"end":{"line":90,"column":16}},{"start":{"line":90,"column":20},"end":{"line":90,"column":36}}],"line":90},"18":{"loc":{"start":{"line":91,"column":8},"end":{"line":95,"column":9}},"type":"if","locations":[{"start":{"line":91,"column":8},"end":{"line":95,"column":9}},{"start":{"line":93,"column":15},"end":{"line":95,"column":9}}],"line":91}},"s":{"0":3,"1":3,"2":3,"3":3,"4":1,"5":1,"6":1,"7":1,"8":1,"9":1,"10":1,"11":0,"12":1,"13":0,"14":1,"15":1,"16":0,"17":0,"18":0,"19":0,"20":0,"21":0,"22":0,"23":0,"24":0,"25":0,"26":0,"27":0,"28":0,"29":0,"30":0,"31":0,"32":0,"33":0,"34":0,"35":0,"36":0,"37":0,"38":0,"39":0,"40":0,"41":0,"42":0,"43":3},"f":{"0":1,"1":1,"2":0,"3":0,"4":0,"5":0},"b":{"0":[1,1],"1":[1,1],"2":[1,1],"3":[1,1],"4":[0,1],"5":[0,1],"6":[0],"7":[0,0],"8":[0,0],"9":[0,0],"10":[0,0],"11":[0,0],"12":[0,0],"13":[0],"14":[0],"15":[0,0],"16":[0,0],"17":[0,0],"18":[0,0]},"_coverageSchema":"1a1c01bbd47fc00a2c39e90264f33305004495a9","hash":"57ba9a0c6b2fcf6d5cdf6ede0f22869d07f1f81d"}
}
